D:\PROJECTS\PROJECTS\IMPOSSIBLEGAMEPC\IMPOSSIBLEGAMEPC\RELEASE\APPLICATION.OBJ
D:\PROJECTS\PROJECTS\IMPOSSIBLEGAMEPC\IMPOSSIBLEGAMEPC\RELEASE\APP-LINKER.OBJ
D:\PROJECTS\PROJECTS\IMPOSSIBLEGAMEPC\IMPOSSIBLEGAMEPC\RELEASE\BLACKBOX.OBJ
D:\Projects\Projects\ImpossibleGamePC\ImpossibleGamePC\Release\cl.command.1.tlog
D:\Projects\Projects\ImpossibleGamePC\ImpossibleGamePC\Release\CL.read.1.tlog
D:\Projects\Projects\ImpossibleGamePC\ImpossibleGamePC\Release\CL.write.1.tlog
D:\PROJECTS\PROJECTS\IMPOSSIBLEGAMEPC\IMPOSSIBLEGAMEPC\RELEASE\D3DRESOURCEMANAGER.OBJ
D:\PROJECTS\PROJECTS\IMPOSSIBLEGAMEPC\IMPOSSIBLEGAMEPC\RELEASE\DBOX2D.OBJ
D:\PROJECTS\PROJECTS\IMPOSSIBLEGAMEPC\IMPOSSIBLEGAMEPC\RELEASE\DBOX3D.OBJ
D:\PROJECTS\PROJECTS\IMPOSSIBLEGAMEPC\IMPOSSIBLEGAMEPC\RELEASE\DBOXAPP.OBJ
D:\PROJECTS\PROJECTS\IMPOSSIBLEGAMEPC\IMPOSSIBLEGAMEPC\RELEASE\DBOXCAMERABASE.OBJ
D:\PROJECTS\PROJECTS\IMPOSSIBLEGAMEPC\IMPOSSIBLEGAMEPC\RELEASE\DBOXCAMERAFP.OBJ
D:\PROJECTS\PROJECTS\IMPOSSIBLEGAMEPC\IMPOSSIBLEGAMEPC\RELEASE\DBOXCAMERATP.OBJ
D:\PROJECTS\PROJECTS\IMPOSSIBLEGAMEPC\IMPOSSIBLEGAMEPC\RELEASE\DBOXFONT.OBJ
D:\PROJECTS\PROJECTS\IMPOSSIBLEGAMEPC\IMPOSSIBLEGAMEPC\RELEASE\DBOXINPUT.OBJ
D:\PROJECTS\PROJECTS\IMPOSSIBLEGAMEPC\IMPOSSIBLEGAMEPC\RELEASE\DBOXMATH.OBJ
D:\PROJECTS\PROJECTS\IMPOSSIBLEGAMEPC\IMPOSSIBLEGAMEPC\RELEASE\DBOXUSERINTERFACE.OBJ
D:\PROJECTS\PROJECTS\IMPOSSIBLEGAMEPC\IMPOSSIBLEGAMEPC\RELEASE\ENITITY.OBJ
D:\PROJECTS\PROJECTS\IMPOSSIBLEGAMEPC\IMPOSSIBLEGAMEPC\RELEASE\GAMESATE.OBJ
D:\PROJECTS\PROJECTS\IMPOSSIBLEGAMEPC\IMPOSSIBLEGAMEPC\RELEASE\IMPOSSIBLEGAMEPC.EXE.INTERMEDIATE.MANIFEST
D:\Projects\Projects\ImpossibleGamePC\ImpossibleGamePC\Release\ImpossibleGamePC.vcxprojResolveAssemblyReference.cache
D:\Projects\Projects\ImpossibleGamePC\ImpossibleGamePC\Release\ImpossibleGamePC.write.1.tlog
D:\PROJECTS\PROJECTS\IMPOSSIBLEGAMEPC\IMPOSSIBLEGAMEPC\RELEASE\INIREADER.OBJ
D:\PROJECTS\PROJECTS\IMPOSSIBLEGAMEPC\IMPOSSIBLEGAMEPC\RELEASE\INIWRITER.OBJ
D:\Projects\Projects\ImpossibleGamePC\ImpossibleGamePC\Release\link.command.1.tlog
D:\Projects\Projects\ImpossibleGamePC\ImpossibleGamePC\Release\link.read.1.tlog
D:\Projects\Projects\ImpossibleGamePC\ImpossibleGamePC\Release\link.write.1.tlog
D:\PROJECTS\PROJECTS\IMPOSSIBLEGAMEPC\IMPOSSIBLEGAMEPC\RELEASE\LINKER-DBOX.OBJ
D:\Projects\Projects\ImpossibleGamePC\ImpossibleGamePC\Release\mt.command.1.tlog
D:\Projects\Projects\ImpossibleGamePC\ImpossibleGamePC\Release\mt.read.1.tlog
D:\Projects\Projects\ImpossibleGamePC\ImpossibleGamePC\Release\mt.write.1.tlog
D:\PROJECTS\PROJECTS\IMPOSSIBLEGAMEPC\IMPOSSIBLEGAMEPC\RELEASE\OBB3D.OBJ
D:\PROJECTS\PROJECTS\IMPOSSIBLEGAMEPC\IMPOSSIBLEGAMEPC\RELEASE\PARTICLES.OBJ
D:\PROJECTS\PROJECTS\IMPOSSIBLEGAMEPC\IMPOSSIBLEGAMEPC\RELEASE\VC100.PDB
D:\PROJECTS\PROJECTS\IMPOSSIBLEGAMEPC\RELEASE\IMPOSSIBLEGAMEPC.EXE
D:\PROJECTS\PROJECTS\IMPOSSIBLEGAMEPC\RELEASE\IMPOSSIBLEGAMEPC.PDB
F:\PROJECTS\IMPOSSIBLEGAMEPC\IMPOSSIBLEGAMEPC\RELEASE\APPLICATION.OBJ
F:\PROJECTS\IMPOSSIBLEGAMEPC\IMPOSSIBLEGAMEPC\RELEASE\APP-LINKER.OBJ
F:\PROJECTS\IMPOSSIBLEGAMEPC\IMPOSSIBLEGAMEPC\RELEASE\BLACKBOX.OBJ
F:\PROJECTS\IMPOSSIBLEGAMEPC\IMPOSSIBLEGAMEPC\RELEASE\D3DRESOURCEMANAGER.OBJ
F:\PROJECTS\IMPOSSIBLEGAMEPC\IMPOSSIBLEGAMEPC\RELEASE\DBOX2D.OBJ
F:\PROJECTS\IMPOSSIBLEGAMEPC\IMPOSSIBLEGAMEPC\RELEASE\DBOX3D.OBJ
F:\PROJECTS\IMPOSSIBLEGAMEPC\IMPOSSIBLEGAMEPC\RELEASE\DBOXAPP.OBJ
F:\PROJECTS\IMPOSSIBLEGAMEPC\IMPOSSIBLEGAMEPC\RELEASE\DBOXCAMERABASE.OBJ
F:\PROJECTS\IMPOSSIBLEGAMEPC\IMPOSSIBLEGAMEPC\RELEASE\DBOXCAMERAFP.OBJ
F:\PROJECTS\IMPOSSIBLEGAMEPC\IMPOSSIBLEGAMEPC\RELEASE\DBOXCAMERATP.OBJ
F:\PROJECTS\IMPOSSIBLEGAMEPC\IMPOSSIBLEGAMEPC\RELEASE\DBOXFONT.OBJ
F:\PROJECTS\IMPOSSIBLEGAMEPC\IMPOSSIBLEGAMEPC\RELEASE\DBOXINPUT.OBJ
F:\PROJECTS\IMPOSSIBLEGAMEPC\IMPOSSIBLEGAMEPC\RELEASE\DBOXMATH.OBJ
F:\PROJECTS\IMPOSSIBLEGAMEPC\IMPOSSIBLEGAMEPC\RELEASE\DBOXUSERINTERFACE.OBJ
F:\PROJECTS\IMPOSSIBLEGAMEPC\IMPOSSIBLEGAMEPC\RELEASE\ENITITY.OBJ
F:\PROJECTS\IMPOSSIBLEGAMEPC\IMPOSSIBLEGAMEPC\RELEASE\GAMESATE.OBJ
F:\PROJECTS\IMPOSSIBLEGAMEPC\IMPOSSIBLEGAMEPC\RELEASE\IMPOSSIBLEGAMEPC.EXE.INTERMEDIATE.MANIFEST
F:\PROJECTS\IMPOSSIBLEGAMEPC\IMPOSSIBLEGAMEPC\RELEASE\INIREADER.OBJ
F:\PROJECTS\IMPOSSIBLEGAMEPC\IMPOSSIBLEGAMEPC\RELEASE\INIWRITER.OBJ
F:\PROJECTS\IMPOSSIBLEGAMEPC\IMPOSSIBLEGAMEPC\RELEASE\LINKER-DBOX.OBJ
F:\PROJECTS\IMPOSSIBLEGAMEPC\IMPOSSIBLEGAMEPC\RELEASE\OBB3D.OBJ
F:\PROJECTS\IMPOSSIBLEGAMEPC\IMPOSSIBLEGAMEPC\RELEASE\PARTICLES.OBJ
F:\PROJECTS\IMPOSSIBLEGAMEPC\IMPOSSIBLEGAMEPC\RELEASE\VC100.PDB
F:\PROJECTS\IMPOSSIBLEGAMEPC\RELEASE\IMPOSSIBLEGAMEPC.EXE
F:\PROJECTS\IMPOSSIBLEGAMEPC\RELEASE\IMPOSSIBLEGAMEPC.PDB
