Build started 8/31/2012 00:33:49.
     1>Project "E:\Projects\dbox\dbox\dbox.vcxproj" on node 2 (build target(s)).
     1>InitializeBuildStatus:
         Creating "Debug\dbox.unsuccessfulbuild" because "AlwaysCreate" was specified.
       ClCompile:
         C:\Program Files (x86)\Microsoft Visual Studio 10.0\VC\bin\CL.exe /c /I"C:\SDKs\Microsoft DirectX SDK (June 2010)\/Include" /ZI /nologo /W3 /WX- /Od /Oy- /D WIN32 /D _DEBUG /D _WINDOWS /Gm /EHsc /RTC1 /MDd /GS /fp:precise /Zc:wchar_t /Zc:forScope /Fo"Debug\\" /Fd"Debug\vc100.pdb" /Gd /TP /analyze- /errorReport:prompt DBOXInput.cpp
         DBOXInput.cpp
     1>e:\projects\dbox\dbox\dboxinput.cpp(257): warning C4305: '=' : truncation from 'int' to 'char'
     1>e:\projects\dbox\dbox\dboxinput.cpp(257): warning C4309: '=' : truncation of constant value
       ManifestResourceCompile:
         All outputs are up-to-date.
       Link:
         C:\Program Files (x86)\Microsoft Visual Studio 10.0\VC\bin\link.exe /ERRORREPORT:PROMPT /OUT:"E:\Projects\dbox\Debug\dbox.exe" /INCREMENTAL /NOLOGO /LIBPATH:"C:\SDKs\Microsoft DirectX SDK (June 2010)\/Lib/x86" kernel32.lib user32.lib gdi32.lib winspool.lib comdlg32.lib advapi32.lib shell32.lib ole32.lib oleaut32.lib uuid.lib odbc32.lib odbccp32.lib /MANIFEST /ManifestFile:"Debug\dbox.exe.intermediate.manifest" /MANIFESTUAC:"level='asInvoker' uiAccess='false'" /DEBUG /PDB:"E:\Projects\dbox\Debug\dbox.pdb" /SUBSYSTEM:WINDOWS /TLBID:1 /DYNAMICBASE /NXCOMPAT /IMPLIB:"E:\Projects\dbox\Debug\dbox.lib" /MACHINE:X86 Debug\dbox.exe.embed.manifest.res
         "Debug\app-linker.obj"
         Debug\Application.obj
         Debug\DBOXCamera.obj
         Debug\DBOXTimer.obj
         Debug\DBOXApp.obj
         Debug\DBOX2D.obj
         Debug\DBOX3D.obj
         Debug\DBOXFont.obj
         Debug\DBOXInput.obj
         Debug\DBOXMath.obj
         Debug\DBOXUserInterface.obj
         "Debug\linker-DBOX.obj"
         Debug\MeshAllocation.obj
         Debug\OBB3D.obj
         Debug\XEnitity.obj
       Manifest:
         C:\Program Files (x86)\Microsoft SDKs\Windows\v7.0A\bin\mt.exe /nologo /verbose /out:"Debug\dbox.exe.embed.manifest" /manifest Debug\dbox.exe.intermediate.manifest
         All outputs are up-to-date.
       LinkEmbedManifest:
         All outputs are up-to-date.
         dbox.vcxproj -> E:\Projects\dbox\Debug\dbox.exe
       FinalizeBuildStatus:
         Deleting file "Debug\dbox.unsuccessfulbuild".
         Touching "Debug\dbox.lastbuildstate".
     1>Done Building Project "E:\Projects\dbox\dbox\dbox.vcxproj" (build target(s)).

Build succeeded.

Time Elapsed 00:00:02.97
