F:\PROJECTS\DBOX\DBOX\DEBUG\APPLICATION.OBJ
F:\PROJECTS\DBOX\DBOX\DEBUG\APP-LINKER.OBJ
F:\Projects\dbox\dbox\Debug\cl.command.1.tlog
F:\Projects\dbox\dbox\Debug\CL.read.1.tlog
F:\Projects\dbox\dbox\Debug\CL.write.1.tlog
F:\PROJECTS\DBOX\DBOX\DEBUG\D3DRESOURCEMANAGER.OBJ
F:\PROJECTS\DBOX\DBOX\DEBUG\DBOX.EXE.EMBED.MANIFEST
F:\PROJECTS\DBOX\DBOX\DEBUG\DBOX.EXE.EMBED.MANIFEST.RES
F:\PROJECTS\DBOX\DBOX\DEBUG\DBOX.EXE.INTERMEDIATE.MANIFEST
F:\Projects\dbox\dbox\Debug\dbox_manifest.rc
F:\PROJECTS\DBOX\DBOX\DEBUG\DBOX2D.OBJ
F:\PROJECTS\DBOX\DBOX\DEBUG\DBOX3D.OBJ
F:\PROJECTS\DBOX\DBOX\DEBUG\DBOXAPP.OBJ
F:\PROJECTS\DBOX\DBOX\DEBUG\DBOXCAMERA.OBJ
F:\PROJECTS\DBOX\DBOX\DEBUG\DBOXCAMERABASE.OBJ
F:\PROJECTS\DBOX\DBOX\DEBUG\DBOXCAMERAFP.OBJ
F:\PROJECTS\DBOX\DBOX\DEBUG\DBOXCAMERATP.OBJ
F:\PROJECTS\DBOX\DBOX\DEBUG\DBOXFONT.OBJ
F:\PROJECTS\DBOX\DBOX\DEBUG\DBOXINPUT.OBJ
F:\PROJECTS\DBOX\DBOX\DEBUG\DBOXMATH.OBJ
F:\PROJECTS\DBOX\DBOX\DEBUG\DBOXTIMER.OBJ
F:\PROJECTS\DBOX\DBOX\DEBUG\DBOXUI.OBJ
F:\PROJECTS\DBOX\DBOX\DEBUG\DBOXUI_OLD.OBJ
F:\PROJECTS\DBOX\DBOX\DEBUG\DBOXUSERINTERFACE.OBJ
F:\Projects\dbox\dbox\Debug\link.3340.read.1.tlog
F:\Projects\dbox\dbox\Debug\link.3340.write.1.tlog
F:\Projects\dbox\dbox\Debug\link.3340-cvtres.read.1.tlog
F:\Projects\dbox\dbox\Debug\link.3340-cvtres.write.1.tlog
F:\Projects\dbox\dbox\Debug\link.4220.read.1.tlog
F:\Projects\dbox\dbox\Debug\link.4220.write.1.tlog
F:\Projects\dbox\dbox\Debug\link.4220-cvtres.read.1.tlog
F:\Projects\dbox\dbox\Debug\link.4220-cvtres.write.1.tlog
F:\Projects\dbox\dbox\Debug\link.command.1.tlog
F:\Projects\dbox\dbox\Debug\link.read.1.tlog
F:\Projects\dbox\dbox\Debug\link.write.1.tlog
F:\Projects\dbox\dbox\Debug\link-cvtres.read.1.tlog
F:\Projects\dbox\dbox\Debug\link-cvtres.write.1.tlog
F:\PROJECTS\DBOX\DBOX\DEBUG\LINKER-DBOX.OBJ
F:\PROJECTS\DBOX\DBOX\DEBUG\MESHALLOCATION.OBJ
F:\Projects\dbox\dbox\Debug\mt.command.1.tlog
F:\Projects\dbox\dbox\Debug\mt.read.1.tlog
F:\Projects\dbox\dbox\Debug\mt.write.1.tlog
F:\PROJECTS\DBOX\DBOX\DEBUG\OBB3D.OBJ
F:\Projects\dbox\dbox\Debug\rc.command.1.tlog
F:\Projects\dbox\dbox\Debug\rc.read.1.tlog
F:\Projects\dbox\dbox\Debug\rc.write.1.tlog
F:\Projects\dbox\dbox\Debug\vc100.idb
F:\PROJECTS\DBOX\DBOX\DEBUG\VC100.PDB
F:\PROJECTS\DBOX\DBOX\DEBUG\XENITITY.OBJ
F:\PROJECTS\DBOX\DEBUG\DBOX.EXE
F:\PROJECTS\DBOX\DEBUG\DBOX.ILK
F:\PROJECTS\DBOX\DEBUG\DBOX.PDB
