Build started 6/4/2012 11:11:30 PM.
     1>Project "E:\Projects\dbox\dbox\dbox.vcxproj" on node 2 (build target(s)).
     1>InitializeBuildStatus:
         Creating "Release\dbox.unsuccessfulbuild" because "AlwaysCreate" was specified.
       ClCompile:
         C:\Program Files (x86)\Microsoft Visual Studio 10.0\VC\bin\CL.exe /c /Zi /nologo /W3 /WX- /O2 /Oi /Oy- /GL /D WIN32 /D NDEBUG /D _WINDOWS /Gm- /EHsc /MD /GS /Gy /fp:precise /Zc:wchar_t /Zc:forScope /Fo"Release\\" /Fd"Release\vc100.pdb" /Gd /TP /analyze- /errorReport:prompt Application.cpp
         Application.cpp
     1>e:\projects\dbox\dbox\DBOX2D.h(90): warning C4018: '<' : signed/unsigned mismatch
       Link:
         C:\Program Files (x86)\Microsoft Visual Studio 10.0\VC\bin\link.exe /ERRORREPORT:PROMPT /OUT:"E:\Projects\dbox\Release\dbox.exe" /INCREMENTAL:NO /NOLOGO kernel32.lib user32.lib gdi32.lib winspool.lib comdlg32.lib advapi32.lib shell32.lib ole32.lib oleaut32.lib uuid.lib odbc32.lib odbccp32.lib /MANIFEST /ManifestFile:"Release\dbox.exe.intermediate.manifest" /MANIFESTUAC:"level='asInvoker' uiAccess='false'" /DEBUG /PDB:"E:\Projects\dbox\Release\dbox.pdb" /SUBSYSTEM:WINDOWS /OPT:REF /OPT:ICF /LTCG /TLBID:1 /DYNAMICBASE /NXCOMPAT /IMPLIB:"E:\Projects\dbox\Release\dbox.lib" /MACHINE:X86 "Release\app-linker.obj"
         Release\Application.obj
         Release\DBOXCamera.obj
         Release\DBOXTimer.obj
         Release\DBOXApp.obj
         Release\DBOX2D.obj
         Release\DBOX3D.obj
         Release\DBOXFont.obj
         Release\DBOXInput.obj
         Release\DBOXMath.obj
         Release\DBOXUserInterface.obj
         "Release\linker-DBOX.obj"
         Release\MeshAllocation.obj
         Release\OBB3D.obj
         Release\XEnitity.obj
         Generating code
         Finished generating code
         dbox.vcxproj -> E:\Projects\dbox\Release\dbox.exe
       Manifest:
         C:\Program Files (x86)\Microsoft SDKs\Windows\v7.0A\bin\mt.exe /nologo /verbose /outputresource:"E:\Projects\dbox\Release\dbox.exe;#1" /manifest Release\dbox.exe.intermediate.manifest
       FinalizeBuildStatus:
         Deleting file "Release\dbox.unsuccessfulbuild".
         Touching "Release\dbox.lastbuildstate".
     1>Done Building Project "E:\Projects\dbox\dbox\dbox.vcxproj" (build target(s)).

Build succeeded.

Time Elapsed 00:00:01.94
