C:\PROJECTS\DIRECTBOX ENGINE\DIRECTBOX ENGINE\RELEASE\BLACKBOX.OBJ
C:\Projects\DirectBox Engine\DirectBox Engine\Release\cl.command.1.tlog
C:\Projects\DirectBox Engine\DirectBox Engine\Release\CL.read.1.tlog
C:\Projects\DirectBox Engine\DirectBox Engine\Release\CL.write.1.tlog
C:\PROJECTS\DIRECTBOX ENGINE\DIRECTBOX ENGINE\RELEASE\DBOX3D.OBJ
C:\PROJECTS\DIRECTBOX ENGINE\DIRECTBOX ENGINE\RELEASE\DBOXAPP.OBJ
C:\PROJECTS\DIRECTBOX ENGINE\DIRECTBOX ENGINE\RELEASE\DBOXCAMERABASE.OBJ
C:\PROJECTS\DIRECTBOX ENGINE\DIRECTBOX ENGINE\RELEASE\DBOXCAMERAFP.OBJ
C:\PROJECTS\DIRECTBOX ENGINE\DIRECTBOX ENGINE\RELEASE\DBOXCAMERATP.OBJ
C:\PROJECTS\DIRECTBOX ENGINE\DIRECTBOX ENGINE\RELEASE\DBOXFONT.OBJ
C:\PROJECTS\DIRECTBOX ENGINE\DIRECTBOX ENGINE\RELEASE\DBOXINPUT.OBJ
C:\PROJECTS\DIRECTBOX ENGINE\DIRECTBOX ENGINE\RELEASE\DBOXMATH.OBJ
C:\PROJECTS\DIRECTBOX ENGINE\DIRECTBOX ENGINE\RELEASE\DBOXUI.OBJ
C:\PROJECTS\DIRECTBOX ENGINE\DIRECTBOX ENGINE\RELEASE\DIRECTBOX ENGINE.EXE.INTERMEDIATE.MANIFEST
C:\PROJECTS\DIRECTBOX ENGINE\DIRECTBOX ENGINE\RELEASE\GOBJECT.OBJ
C:\Projects\DirectBox Engine\DirectBox Engine\Release\link.command.1.tlog
C:\Projects\DirectBox Engine\DirectBox Engine\Release\link.read.1.tlog
C:\Projects\DirectBox Engine\DirectBox Engine\Release\link.write.1.tlog
C:\PROJECTS\DIRECTBOX ENGINE\DIRECTBOX ENGINE\RELEASE\LINKER.OBJ
C:\PROJECTS\DIRECTBOX ENGINE\DIRECTBOX ENGINE\RELEASE\MAIN.OBJ
C:\Projects\DirectBox Engine\DirectBox Engine\Release\mt.command.1.tlog
C:\Projects\DirectBox Engine\DirectBox Engine\Release\mt.read.1.tlog
C:\Projects\DirectBox Engine\DirectBox Engine\Release\mt.write.1.tlog
C:\PROJECTS\DIRECTBOX ENGINE\DIRECTBOX ENGINE\RELEASE\OBJECTBULLET.OBJ
C:\PROJECTS\DIRECTBOX ENGINE\DIRECTBOX ENGINE\RELEASE\OBJECTPLAYER.OBJ
C:\PROJECTS\DIRECTBOX ENGINE\DIRECTBOX ENGINE\RELEASE\OBJECTZOMBIE.OBJ
C:\PROJECTS\DIRECTBOX ENGINE\DIRECTBOX ENGINE\RELEASE\VC100.PDB
C:\PROJECTS\DIRECTBOX ENGINE\RELEASE\DIRECTBOX ENGINE.EXE
C:\PROJECTS\DIRECTBOX ENGINE\RELEASE\DIRECTBOX ENGINE.PDB
