Build started 5/24/2015 10:31:24 PM.
     1>Project "E:\Projects\Metal Slug\DirectBox Engine\DirectBox Engine.vcxproj" on node 2 (Build target(s)).
     1>ResourceCompile:
         C:\Program Files (x86)\Windows Kits\8.1\bin\x86\rc.exe /l"0x0409" /nologo /fo"Release\Metal Slug Project1.res" "Metal Slug Project1.rc" 
       Link:
         C:\Program Files (x86)\Microsoft Visual Studio 12.0\VC\bin\link.exe /ERRORREPORT:PROMPT /OUT:"E:\Projects\Metal Slug\Release\Metal Slug Project.exe" /INCREMENTAL:NO /NOLOGO kernel32.lib user32.lib gdi32.lib winspool.lib comdlg32.lib advapi32.lib shell32.lib ole32.lib oleaut32.lib uuid.lib odbc32.lib odbccp32.lib /MANIFEST /MANIFESTUAC:"level='asInvoker' uiAccess='false'" /manifest:embed /DEBUG /PDB:"E:\Projects\Metal Slug\Release\Metal Slug Project.pdb" /SUBSYSTEM:WINDOWS /OPT:REF /OPT:ICF /LTCG /TLBID:1 /DYNAMICBASE:NO /IMPLIB:"E:\Projects\Metal Slug\Release\Metal Slug Project.lib" /MACHINE:X86 /SAFESEH "Release\Metal Slug Project1.res"
         Release\Blackbox.obj
         Release\DBOX3D.obj
         Release\DBOXApp.obj
         Release\DBOXCameraBase.obj
         Release\DBOXCameraFP.obj
         Release\DBOXCameraTP.obj
         Release\DBOXFont.obj
         Release\DBOXInput.obj
         Release\DBOXMath.obj
         Release\DBOXUI.obj
         Release\GameInit.obj
         Release\GameLogic.obj
         Release\GObject.obj
         Release\GObjectBackGndANDBullets.obj
         Release\GObjectEnemy1.obj
         Release\GObjectEnemySniper.obj
         Release\GObjectExplosions.obj
         Release\GObjectMisc.obj
         Release\IniReader.obj
         Release\IniWriter.obj
         Release\linker.obj
         Release\Main.obj
         Release\GameMainMenu.obj
         Generating code
         Finished generating code
         DirectBox Engine.vcxproj -> E:\Projects\Metal Slug\Release\Metal Slug Project.exe
     1>Done Building Project "E:\Projects\Metal Slug\DirectBox Engine\DirectBox Engine.vcxproj" (Build target(s)).

Build succeeded.

Time Elapsed 00:00:02.68
