c:\projects\metal slug\directbox engine\release\linker.obj
c:\projects\metal slug\directbox engine\release\iniwriter.obj
c:\projects\metal slug\directbox engine\release\inireader.obj
c:\projects\metal slug\directbox engine\release\gobjectmisc.obj
c:\projects\metal slug\directbox engine\release\gobjectexplosions.obj
c:\projects\metal slug\directbox engine\release\gobjectenemysniper.obj
c:\projects\metal slug\directbox engine\release\gobjectenemy1.obj
c:\projects\metal slug\directbox engine\release\gobjectbackgndandbullets.obj
c:\projects\metal slug\directbox engine\release\gobject.obj
c:\projects\metal slug\directbox engine\release\gamelogic.obj
c:\projects\metal slug\directbox engine\release\gameinit.obj
c:\projects\metal slug\directbox engine\release\dboxui.obj
c:\projects\metal slug\directbox engine\release\dboxmath.obj
c:\projects\metal slug\directbox engine\release\dboxinput.obj
c:\projects\metal slug\directbox engine\release\dboxfont.obj
c:\projects\metal slug\directbox engine\release\dboxcameratp.obj
c:\projects\metal slug\directbox engine\release\dboxcamerafp.obj
c:\projects\metal slug\directbox engine\release\dboxcamerabase.obj
c:\projects\metal slug\directbox engine\release\dboxapp.obj
c:\projects\metal slug\directbox engine\release\dbox3d.obj
c:\projects\metal slug\directbox engine\release\blackbox.obj
c:\projects\metal slug\directbox engine\release\gamemainmenu.obj
c:\projects\metal slug\directbox engine\release\main.obj
c:\projects\metal slug\directbox engine\release\vc100.pdb
f:\projects\metal slug\directbox engine\release\main.obj
f:\projects\metal slug\directbox engine\release\gamemainmenu.obj
f:\projects\metal slug\directbox engine\release\gamelogic.obj
f:\projects\metal slug\directbox engine\release\gameinit.obj
f:\projects\metal slug\directbox engine\release\gobjectmisc.obj
f:\projects\metal slug\directbox engine\release\gobjectexplosions.obj
f:\projects\metal slug\directbox engine\release\gobjectenemysniper.obj
f:\projects\metal slug\directbox engine\release\gobjectenemy1.obj
f:\projects\metal slug\directbox engine\release\gobjectbackgndandbullets.obj
f:\projects\metal slug\directbox engine\release\gobject.obj
f:\projects\metal slug\directbox engine\release\dboxui.obj
f:\projects\metal slug\directbox engine\release\dboxmath.obj
f:\projects\metal slug\directbox engine\release\dboxinput.obj
f:\projects\metal slug\directbox engine\release\dboxfont.obj
f:\projects\metal slug\directbox engine\release\dboxcameratp.obj
f:\projects\metal slug\directbox engine\release\dboxcamerafp.obj
f:\projects\metal slug\directbox engine\release\dboxcamerabase.obj
f:\projects\metal slug\directbox engine\release\dboxapp.obj
f:\projects\metal slug\directbox engine\release\dbox3d.obj
f:\projects\metal slug\directbox engine\release\blackbox.obj
f:\projects\metal slug\directbox engine\release\iniwriter.obj
f:\projects\metal slug\directbox engine\release\inireader.obj
f:\projects\metal slug\directbox engine\release\linker.obj
f:\projects\metal slug\directbox engine\release\vc100.pdb
f:\bank\metal slug\directbox engine\release\iniwriter.obj
f:\bank\metal slug\directbox engine\release\inireader.obj
f:\bank\metal slug\directbox engine\release\gobjectmisc.obj
f:\bank\metal slug\directbox engine\release\gobjectexplosions.obj
f:\bank\metal slug\directbox engine\release\gobjectenemysniper.obj
f:\bank\metal slug\directbox engine\release\gobjectenemy1.obj
f:\bank\metal slug\directbox engine\release\gobjectbackgndandbullets.obj
f:\bank\metal slug\directbox engine\release\gobject.obj
f:\bank\metal slug\directbox engine\release\gamelogic.obj
f:\bank\metal slug\directbox engine\release\gameinit.obj
f:\bank\metal slug\directbox engine\release\dboxui.obj
f:\bank\metal slug\directbox engine\release\dboxmath.obj
f:\bank\metal slug\directbox engine\release\dboxinput.obj
f:\bank\metal slug\directbox engine\release\dboxfont.obj
f:\bank\metal slug\directbox engine\release\dboxcameratp.obj
f:\bank\metal slug\directbox engine\release\dboxcamerafp.obj
f:\bank\metal slug\directbox engine\release\dboxcamerabase.obj
f:\bank\metal slug\directbox engine\release\dboxapp.obj
f:\bank\metal slug\directbox engine\release\dbox3d.obj
f:\bank\metal slug\directbox engine\release\blackbox.obj
f:\bank\metal slug\directbox engine\release\gamemainmenu.obj
f:\bank\metal slug\directbox engine\release\main.obj
f:\bank\metal slug\directbox engine\release\linker.obj
f:\bank\metal slug\directbox engine\release\vc100.pdb
e:\projects\metal slug\directbox engine\release\iniwriter.obj
e:\projects\metal slug\directbox engine\release\inireader.obj
e:\projects\metal slug\directbox engine\release\dboxapp.obj
e:\projects\metal slug\directbox engine\release\linker.obj
e:\projects\metal slug\directbox engine\release\gobjectmisc.obj
e:\projects\metal slug\directbox engine\release\gobjectexplosions.obj
e:\projects\metal slug\directbox engine\release\gobjectenemysniper.obj
e:\projects\metal slug\directbox engine\release\gobjectenemy1.obj
e:\projects\metal slug\directbox engine\release\gobjectbackgndandbullets.obj
e:\projects\metal slug\directbox engine\release\gobject.obj
e:\projects\metal slug\directbox engine\release\gamelogic.obj
e:\projects\metal slug\directbox engine\release\gameinit.obj
e:\projects\metal slug\directbox engine\release\dboxui.obj
e:\projects\metal slug\directbox engine\release\dboxmath.obj
e:\projects\metal slug\directbox engine\release\dboxinput.obj
e:\projects\metal slug\directbox engine\release\dboxfont.obj
e:\projects\metal slug\directbox engine\release\dboxcameratp.obj
e:\projects\metal slug\directbox engine\release\dboxcamerafp.obj
e:\projects\metal slug\directbox engine\release\dboxcamerabase.obj
e:\projects\metal slug\directbox engine\release\dbox3d.obj
e:\projects\metal slug\directbox engine\release\blackbox.obj
e:\projects\metal slug\directbox engine\release\gamemainmenu.obj
e:\projects\metal slug\directbox engine\release\main.obj
e:\projects\metal slug\directbox engine\release\vc100.pdb
c:\projects\metal slug\release\metal slug project.exe
c:\projects\metal slug\directbox engine\release\metal slug project.exe.intermediate.manifest
c:\projects\metal slug\release\metal slug project.pdb
f:\projects\metal slug\release\metal slug project.exe
f:\projects\metal slug\directbox engine\release\metal slug project.exe.intermediate.manifest
f:\projects\metal slug\release\metal slug project.pdb
f:\bank\metal slug\release\metal slug project.exe
f:\bank\metal slug\directbox engine\release\metal slug project.exe.intermediate.manifest
f:\bank\metal slug\release\metal slug project.pdb
e:\projects\metal slug\release\metal slug project.exe
e:\projects\metal slug\directbox engine\release\metal slug project.exe.intermediate.manifest
e:\projects\metal slug\release\metal slug project.pdb
c:\projects\metal slug\directbox engine\release\metal slug project1.res
f:\projects\metal slug\directbox engine\release\metal slug project1.res
f:\bank\metal slug\directbox engine\release\metal slug project1.res
e:\projects\metal slug\directbox engine\release\metal slug project1.res
e:\projects\metal slug\directbox engine\release\vc120.pdb
e:\projects\metal slug\directbox engine\release\directbox engine.vcxprojresolveassemblyreference.cache
e:\projects\metal slug\directbox engine\release\cl.command.1.tlog
e:\projects\metal slug\directbox engine\release\cl.read.1.tlog
e:\projects\metal slug\directbox engine\release\cl.write.1.tlog
e:\projects\metal slug\directbox engine\release\link-cvtres.read.1.tlog
e:\projects\metal slug\directbox engine\release\link-cvtres.write.1.tlog
e:\projects\metal slug\directbox engine\release\link.command.1.tlog
e:\projects\metal slug\directbox engine\release\link.read.1.tlog
e:\projects\metal slug\directbox engine\release\link.write.1.tlog
e:\projects\metal slug\directbox engine\release\metal slug project.write.1.tlog
e:\projects\metal slug\directbox engine\release\mt.command.1.tlog
e:\projects\metal slug\directbox engine\release\mt.read.1.tlog
e:\projects\metal slug\directbox engine\release\mt.write.1.tlog
e:\projects\metal slug\directbox engine\release\rc.command.1.tlog
e:\projects\metal slug\directbox engine\release\rc.read.1.tlog
e:\projects\metal slug\directbox engine\release\rc.write.1.tlog
e:\projects\metal slug\directbox engine\release\metal sl.64a8e51e.tlog\cl.command.1.tlog
e:\projects\metal slug\directbox engine\release\metal sl.64a8e51e.tlog\cl.read.1.tlog
e:\projects\metal slug\directbox engine\release\metal sl.64a8e51e.tlog\cl.write.1.tlog
e:\projects\metal slug\directbox engine\release\metal sl.64a8e51e.tlog\link-cvtres.read.1.tlog
e:\projects\metal slug\directbox engine\release\metal sl.64a8e51e.tlog\link-cvtres.write.1.tlog
e:\projects\metal slug\directbox engine\release\metal sl.64a8e51e.tlog\link-rc.read.1.tlog
e:\projects\metal slug\directbox engine\release\metal sl.64a8e51e.tlog\link-rc.write.1.tlog
e:\projects\metal slug\directbox engine\release\metal sl.64a8e51e.tlog\link.command.1.tlog
e:\projects\metal slug\directbox engine\release\metal sl.64a8e51e.tlog\link.read.1.tlog
e:\projects\metal slug\directbox engine\release\metal sl.64a8e51e.tlog\link.write.1.tlog
e:\projects\metal slug\directbox engine\release\metal sl.64a8e51e.tlog\rc.command.1.tlog
e:\projects\metal slug\directbox engine\release\metal sl.64a8e51e.tlog\rc.read.1.tlog
e:\projects\metal slug\directbox engine\release\metal sl.64a8e51e.tlog\rc.write.1.tlog
