Build started 3/2/2012 15:41:38.
     1>Project "D:\Projects\Projects\ArrmoredShell\ArrmoredShell\ArrmoredShell.vcxproj" on node 2 (build target(s)).
     1>InitializeBuildStatus:
         Creating "Release\ArrmoredShell.unsuccessfulbuild" because "AlwaysCreate" was specified.
       ClCompile:
         C:\Program Files (x86)\Microsoft Visual Studio 10.0\VC\bin\CL.exe /c /Zi /nologo /W3 /WX- /O2 /Oi /Oy- /GL /D WIN32 /D NDEBUG /D _WINDOWS /Gm- /EHsc /MD /GS /Gy /fp:precise /Zc:wchar_t /Zc:forScope /Fo"Release\\" /Fd"Release\vc100.pdb" /Gd /TP /analyze- /errorReport:prompt ArmoredShell.cpp
         ArmoredShell.cpp
     1>ArmoredShell.cpp(23): warning C4018: '<' : signed/unsigned mismatch
     1>ArmoredShell.cpp(93): warning C4018: '<' : signed/unsigned mismatch
       Link:
         C:\Program Files (x86)\Microsoft Visual Studio 10.0\VC\bin\link.exe /ERRORREPORT:PROMPT /OUT:"D:\Projects\Projects\ArrmoredShell\Release\ArrmoredShell.exe" /INCREMENTAL:NO /NOLOGO kernel32.lib user32.lib gdi32.lib winspool.lib comdlg32.lib advapi32.lib shell32.lib ole32.lib oleaut32.lib uuid.lib odbc32.lib odbccp32.lib /MANIFEST /ManifestFile:"Release\ArrmoredShell.exe.intermediate.manifest" /MANIFESTUAC:"level='asInvoker' uiAccess='false'" /DEBUG /PDB:"D:\Projects\Projects\ArrmoredShell\Release\ArrmoredShell.pdb" /SUBSYSTEM:WINDOWS /OPT:REF /OPT:ICF /LTCG /TLBID:1 /DYNAMICBASE /NXCOMPAT /IMPLIB:"D:\Projects\Projects\ArrmoredShell\Release\ArrmoredShell.lib" /MACHINE:X86 Release\AnimationManager.obj
         Release\ArmoredShell.obj
         Release\BlackBox.obj
         Release\DBOX2D.obj
         Release\DBOX3D.obj
         Release\DBOXApp.obj
         Release\DBOXFont.obj
         Release\DBOXInput.obj
         Release\DBOXMath.obj
         Release\DBOXTimer.obj
         Release\IniReader.obj
         Release\IniWriter.obj
         "Release\linker-DBOX.obj"
         Release\LogicThread.obj
         Release\RenderThread.obj
         Generating code
         Finished generating code
         ArrmoredShell.vcxproj -> D:\Projects\Projects\ArrmoredShell\Release\ArrmoredShell.exe
       Manifest:
         C:\Program Files (x86)\Microsoft SDKs\Windows\v7.0A\bin\mt.exe /nologo /verbose /outputresource:"D:\Projects\Projects\ArrmoredShell\Release\ArrmoredShell.exe;#1" /manifest Release\ArrmoredShell.exe.intermediate.manifest
       FinalizeBuildStatus:
         Deleting file "Release\ArrmoredShell.unsuccessfulbuild".
         Touching "Release\ArrmoredShell.lastbuildstate".
     1>Done Building Project "D:\Projects\Projects\ArrmoredShell\ArrmoredShell\ArrmoredShell.vcxproj" (build target(s)).

Build succeeded.

Time Elapsed 00:00:01.84
